<?xml version="1.0" encoding="UTF-8"?>
<!-- Generated by org.testng.reporters.JUnitReportReporter -->
<testsuite hostname="DESKTOP-EKSVNDS" failures="0" tests="1" name="TestCase.T02_testCheckDarkModePluginStatus" time="157.682" errors="0" timestamp="15 Sep 2023 15:37:38 GMT" skipped="0">
  <testcase classname="TestCase.T02_testCheckDarkModePluginStatus" name="wppool" time="157.682"/>
</testsuite> <!-- TestCase.T02_testCheckDarkModePluginStatus -->
